c:\users\wuyuliang\desktop\mscreencapture(1)\mscreencapture\mscreencapture\debug\mscreencapture.pch
c:\users\wuyuliang\desktop\mscreencapture(1)\mscreencapture\mscreencapture\debug\vc120.pdb
c:\users\wuyuliang\desktop\mscreencapture(1)\mscreencapture\mscreencapture\debug\vc120.idb
c:\users\wuyuliang\desktop\mscreencapture(1)\mscreencapture\mscreencapture\debug\stdafx.obj
c:\users\wuyuliang\desktop\mscreencapture(1)\mscreencapture\mscreencapture\debug\mscreencapture.obj
c:\users\wuyuliang\desktop\mscreencapture(1)\mscreencapture\debug\mscreencapture.ilk
c:\users\wuyuliang\desktop\mscreencapture(1)\mscreencapture\debug\mscreencapture.exe
c:\users\wuyuliang\desktop\mscreencapture(1)\mscreencapture\debug\mscreencapture.pdb
c:\users\wuyuliang\desktop\mscreencapture(1)\mscreencapture\mscreencapture\debug\mscreencapture.res
c:\users\小吴大人\desktop\mscreencapture(1)\mscreencapture\mscreencapture\debug\mscreencapture.obj
c:\users\小吴大人\desktop\mscreencapture(1)\mscreencapture\mscreencapture\debug\stdafx.obj
c:\users\小吴大人\desktop\mscreencapture(1)\mscreencapture\mscreencapture\debug\mscreencapture.res
c:\users\小吴大人\desktop\mscreencapture(1)\mscreencapture\mscreencapture\debug\mscreencapture.pch
c:\users\小吴大人\desktop\mscreencapture(1)\mscreencapture\mscreencapture\debug\vc120.idb
c:\users\小吴大人\desktop\mscreencapture(1)\mscreencapture\mscreencapture\debug\vc120.pdb
c:\users\小吴大人\desktop\mscreencapture(1)\mscreencapture\debug\mscreencapture.pdb
c:\users\小吴大人\desktop\mscreencapture(1)\mscreencapture\debug\mscreencapture.exe
c:\users\小吴大人\desktop\mscreencapture(1)\mscreencapture\debug\mscreencapture.ilk
c:\users\小吴大人\desktop\mscreencapture(1)\mscreencapture\mscreencapture\debug\mscreencapture.tlog\cl.command.1.tlog
c:\users\小吴大人\desktop\mscreencapture(1)\mscreencapture\mscreencapture\debug\mscreencapture.tlog\cl.read.1.tlog
c:\users\小吴大人\desktop\mscreencapture(1)\mscreencapture\mscreencapture\debug\mscreencapture.tlog\cl.write.1.tlog
c:\users\小吴大人\desktop\mscreencapture(1)\mscreencapture\mscreencapture\debug\mscreencapture.tlog\link.command.1.tlog
c:\users\小吴大人\desktop\mscreencapture(1)\mscreencapture\mscreencapture\debug\mscreencapture.tlog\link.read.1.tlog
c:\users\小吴大人\desktop\mscreencapture(1)\mscreencapture\mscreencapture\debug\mscreencapture.tlog\link.write.1.tlog
c:\users\小吴大人\desktop\mscreencapture(1)\mscreencapture\mscreencapture\debug\mscreencapture.tlog\rc.command.1.tlog
c:\users\小吴大人\desktop\mscreencapture(1)\mscreencapture\mscreencapture\debug\mscreencapture.tlog\rc.read.1.tlog
c:\users\小吴大人\desktop\mscreencapture(1)\mscreencapture\mscreencapture\debug\mscreencapture.tlog\rc.write.1.tlog
